TN:
SF:src/database.ts
FNF:0
FNH:0
DA:1,1
DA:3,1
DA:4,1
LF:3
LH:3
BRF:0
BRH:0
end_of_record
TN:
SF:src/services/recommendationsService.ts
FN:7,insert
FN:17,upvote
FN:23,downvote
FN:36,getByIdOrFail
FN:43,get
FN:47,getTop
FN:51,getRandom
FN:64,getByScore
FN:77,getScoreFilter
FNF:9
FNH:4
FNDA:2,insert
FNDA:3,upvote
FNDA:2,downvote
FNDA:5,getByIdOrFail
FNDA:0,get
FNDA:0,getTop
FNDA:0,getRandom
FNDA:0,getByScore
FNDA:0,getScoreFilter
DA:2,1
DA:3,1
DA:8,2
DA:11,2
DA:12,1
DA:14,1
DA:18,3
DA:20,1
DA:24,2
DA:26,2
DA:31,2
DA:32,0
DA:37,5
DA:38,5
DA:40,3
DA:44,0
DA:48,0
DA:52,0
DA:53,0
DA:55,0
DA:56,0
DA:57,0
DA:60,0
DA:61,0
DA:65,0
DA:70,0
DA:71,0
DA:74,0
DA:78,0
DA:79,0
DA:82,0
DA:85,1
LF:32
LH:15
BRDA:11,0,0,1
BRDA:31,1,0,0
BRDA:38,2,0,2
BRDA:56,3,0,0
BRDA:70,4,0,0
BRDA:78,5,0,0
BRF:6
BRH:2
end_of_record
TN:
SF:tests/integration/factories/recommendationFactory.ts
FN:3,recommendationFactory
FNF:1
FNH:1
FNDA:7,recommendationFactory
DA:1,1
DA:3,1
DA:4,7
LF:3
LH:3
BRF:0
BRH:0
end_of_record
TN:
SF:tests/integration/factories/scenarioFactory.ts
FN:4,createScenarioOneRecommendation
FN:9,createScenarioRecommendationLowId
FN:14,createScenarioRecommendationsDifferentScores
FN:40,deleteAllData
FN:44,disconnectPrisma
FNF:5
FNH:2
FNDA:4,createScenarioOneRecommendation
FNDA:1,createScenarioRecommendationLowId
FNDA:0,createScenarioRecommendationsDifferentScores
FNDA:0,deleteAllData
FNDA:0,disconnectPrisma
DA:1,1
DA:2,1
DA:4,1
DA:5,4
DA:6,4
DA:9,1
DA:10,1
DA:11,1
DA:14,1
DA:15,0
DA:16,0
DA:17,0
DA:18,0
DA:19,0
DA:20,0
DA:21,0
DA:22,0
DA:23,0
DA:24,0
DA:26,0
DA:27,0
DA:28,0
DA:29,0
DA:30,0
DA:31,0
DA:32,0
DA:33,0
DA:34,0
DA:35,0
DA:37,0
DA:40,1
DA:41,0
DA:44,1
DA:45,0
LF:34
LH:11
BRF:0
BRH:0
end_of_record
